TN:
SF:/Users/dschmitz/dev/alexa/senacor-news/src/app.js
DA:1,1
DA:2,1
DA:3,1
DA:4,1
DA:5,1
DA:6,1
DA:7,1
DA:8,1
DA:9,1
DA:10,1
DA:11,1
DA:12,1
DA:13,1
DA:14,0
DA:15,1
DA:16,1
DA:17,1
DA:18,1
DA:19,1
DA:20,1
DA:21,1
DA:22,1
DA:23,1
DA:24,1
DA:25,1
DA:26,0
DA:27,0
DA:28,0
DA:29,0
DA:30,0
DA:31,1
DA:32,0
DA:33,1
DA:34,1
DA:35,1
DA:36,1
LF:25
LH:18
end_of_record
TN:
SF:/Users/dschmitz/dev/alexa/senacor-news/src/cleanup.js
DA:1,1
DA:2,1
DA:3,1
DA:4,1
DA:5,1
DA:6,20
DA:7,1
DA:8,1
DA:9,1
DA:10,1
DA:11,1
LF:9
LH:9
end_of_record
TN:
SF:/Users/dschmitz/dev/alexa/senacor-news/src/dates.js
DA:1,1
DA:2,1
DA:3,27
DA:4,1
DA:5,27
DA:6,13
DA:7,1
DA:8,1
DA:9,14
DA:10,13
DA:11,1
DA:12,1
DA:13,1
DA:14,1
DA:15,1
DA:16,1
DA:17,1
LF:12
LH:12
end_of_record
TN:
SF:/Users/dschmitz/dev/alexa/senacor-news/src/fetch.js
DA:1,1
DA:2,1
DA:3,1
DA:4,1
DA:5,1
DA:6,1
DA:7,1
DA:8,3
DA:9,1
DA:10,1
DA:11,1
DA:12,1
DA:13,1
DA:14,1
DA:15,1
DA:16,1
DA:17,2
DA:18,1
DA:19,1
DA:20,1
DA:21,1
DA:22,1
DA:23,1
DA:24,1
DA:25,1
DA:26,1
DA:27,1
DA:28,1
DA:29,1
DA:30,1
LF:26
LH:26
end_of_record
TN:
SF:/Users/dschmitz/dev/alexa/senacor-news/src/senacor_parser.js
DA:1,1
DA:2,1
DA:3,1
DA:4,1
DA:5,1
DA:6,1
DA:7,5
DA:8,1
DA:9,5
DA:10,1
DA:11,48
DA:12,48
DA:13,1
DA:14,48
DA:15,16
DA:16,1
DA:17,16
DA:18,1
DA:19,1
DA:20,1
DA:21,1
DA:22,1
DA:23,1
DA:24,1
DA:25,1
DA:26,1
DA:27,5
DA:28,1
DA:29,1
DA:30,1
LF:23
LH:23
end_of_record
TN:
SF:/Users/dschmitz/dev/alexa/senacor-news/src/handlers/fetchCurrentEvents.js
DA:1,1
DA:2,1
DA:3,1
DA:4,1
DA:5,1
DA:6,1
DA:7,1
LF:6
LH:6
end_of_record
TN:
SF:/Users/dschmitz/dev/alexa/senacor-news/src/handlers/health.js
DA:1,1
DA:2,1
DA:3,1
DA:4,1
DA:5,1
DA:6,1
DA:7,1
LF:6
LH:6
end_of_record
TN:
SF:/Users/dschmitz/dev/alexa/senacor-news/src/routes/events.js
DA:1,1
DA:2,1
DA:3,1
DA:4,1
DA:5,1
DA:6,1
DA:7,1
DA:8,1
DA:9,1
DA:10,1
DA:11,1
DA:12,1
DA:13,1
DA:14,1
DA:15,1
DA:16,1
DA:17,1
DA:18,1
DA:19,1
DA:20,1
DA:21,1
DA:22,1
LF:20
LH:20
end_of_record
TN:
SF:/Users/dschmitz/dev/alexa/senacor-news/src/routes/health.js
DA:1,1
DA:2,1
DA:3,1
DA:4,1
DA:5,1
DA:6,1
DA:7,1
LF:7
LH:7
end_of_record
TN:
SF:/Users/dschmitz/dev/alexa/senacor-news/src/routes/senacor.js
DA:1,1
DA:2,1
DA:3,1
DA:4,1
DA:5,1
DA:6,1
DA:7,1
DA:8,1
DA:9,1
DA:10,1
DA:11,1
DA:12,1
LF:12
LH:12
end_of_record
